make all --print-data-base --no-builtin-variables --no-builtin-rules --question
# GNU Make 3.81
# Copyright (C) 2006  Free Software Foundation, Inc.
# This is free software; see the source for copying conditions.
# There is NO warranty; not even for MERCHANTABILITY or FITNESS FOR A
# PARTICULAR PURPOSE.

# This program built for i386-apple-darwin11.3.0
 
/Library/Developer/CommandLineTools/usr/bin/make -C libft
 
# GNU Make 3.81
# Copyright (C) 2006  Free Software Foundation, Inc.
# This is free software; see the source for copying conditions.
# There is NO warranty; not even for MERCHANTABILITY or FITNESS FOR A
# PARTICULAR PURPOSE.

# This program built for i386-apple-darwin11.3.0
 

# Make data base, printed on Mon May 23 23:58:27 2022

# Variables

# environment
VSCODE_LOG_NATIVE = false
# environment
SHELL = /bin/zsh
# environment
VSCODE_NLS_CONFIG = {"locale":"en-gb","availableLanguages":{},"_languagePackSupport":true}
# environment
_ = /usr/bin/make
# environment
VSCODE_VERBOSE_LOGGING = true
# environment
__CFBundleIdentifier = com.microsoft.VSCode
# environment
INFOPATH = /opt/homebrew/share/info:
# environment
VSCODE_IPC_HOOK_EXTHOST = /var/folders/gx/p11s2qfs47df7gst1v8ly47r0000gn/T/vscode-ipc-baa4c045-4426-4a2a-b1f6-33ddef1715db.sock
# environment
VSCODE_CWD = /
# environment
PATH = /opt/homebrew/bin:/opt/homebrew/sbin:/usr/local/bin:/usr/bin:/bin:/usr/sbin:/sbin
# environment
VSCODE_LOG_STACK = false
# environment
ELECTRON_RUN_AS_NODE = 1
# default
.FEATURES := target-specific order-only second-expansion else-if archives jobserver check-symlink
# environment
SSH_AUTH_SOCK = /private/tmp/com.apple.launchd.2rhJvoSyiu/Listeners
# environment
VSCODE_PIPE_LOGGING = true
# environment
PWD = /Users/tulipe/Documents/42work/push_swap
# environment
HOMEBREW_CELLAR = /opt/homebrew/Cellar
# environment
ORIGINAL_XDG_CURRENT_DESKTOP = undefined
# environment
MANPATH = /opt/homebrew/share/man::
# environment
VSCODE_AMD_ENTRYPOINT = vs/workbench/api/node/extensionHostProcess
# environment
HOME = /Users/tulipe
# environment
VSCODE_CODE_CACHE_PATH = /Users/tulipe/Library/Application Support/Code/CachedData/da15b6fd3ef856477bf6f4fb29ba1b7af717770d
# environment
LOGNAME = tulipe
# environment
APPLICATION_INSIGHTS_NO_DIAGNOSTIC_CHANNEL = 1
# environment
VSCODE_HANDLES_UNCAUGHT_ERRORS = true
# environment
XPC_FLAGS = 0x0
# default
MAKE = $(MAKE_COMMAND)
# environment
SHLVL = 1
# environment
USER = tulipe
# default
MAKE_COMMAND := /Library/Developer/CommandLineTools/usr/bin/make
# default
.VARIABLES := 
# environment
TMPDIR = /var/folders/gx/p11s2qfs47df7gst1v8ly47r0000gn/T/
# environment
VSCODE_IPC_HOOK = /Users/tulipe/Library/Application Support/Code/1.67.1-main.sock
# environment
MAKEFLAGS = Rrqp
# environment
MFLAGS = -Rrqp
# environment
XPC_SERVICE_NAME = application.com.microsoft.VSCode.2783018.2783024
# environment
HOMEBREW_PREFIX = /opt/homebrew
# environment
HOMEBREW_REPOSITORY = /opt/homebrew
# environment
__CF_USER_TEXT_ENCODING = 0x1F5:0x0:0x0
# environment
COMMAND_MODE = unix2003
# environment
LC_ALL = C
# environment
MAKELEVEL = 1
# environment
LANG = C
# environment
VSCODE_PID = 37566
# variable set hash-table stats:
# Load=44/1024=4%, Rehash=0, Collisions=0/51=0%

# Pattern-specific Variable Values

# No pattern-specific variable values.

# Directories


# No files, no impossibilities in 0 directories.

# Implicit Rules

# No implicit rules.

# Files

# files hash-table stats:
# Load=0/1024=0%, Rehash=0, Collisions=0/0=0%
# VPATH Search Paths

# No `vpath' search paths.

# No general (`VPATH' variable) search path.

# # of strings in strcache: 0
# # of strcache buffers: 0
# strcache size: total = 0 / max = 0 / min = 4096 / avg = 0
# strcache free: total = 0 / max = 0 / min = 4096 / avg = 0

# Finished Make data base on Mon May 23 23:58:27 2022

 
make: *** libft: No such file or directory.  Stop.
make: *** [make_libft] Error 2


# Make data base, printed on Mon May 23 23:58:27 2022

# Variables

# automatic
 
<D = $(patsubst %/,%,$(dir $<))
# automatic
?F = $(notdir $?)
# environment
VSCODE_LOG_NATIVE = false
# automatic
?D = $(patsubst %/,%,$(dir $?))
# automatic
@D = $(patsubst %/,%,$(dir $@))
# automatic
@F = $(notdir $@)
# makefile
CURDIR := /Users/tulipe/Documents/42work/push_swap
# makefile
SHELL = /bin/sh
# environment
VSCODE_NLS_CONFIG = {"locale":"en-gb","availableLanguages":{},"_languagePackSupport":true}
# environment
_ = /usr/bin/make
# makefile (from `Makefile', line 6)
CFLAGS := -Wall -Wextra -Werror -fsanitize=address -g3
# makefile (from `Makefile', line 1)
MAKEFILE_LIST :=  Makefile
# environment
VSCODE_VERBOSE_LOGGING = true
# environment
__CFBundleIdentifier = com.microsoft.VSCode
# environment
INFOPATH = /opt/homebrew/share/info:
# makefile (from `Makefile', line 14)
LST_SRCS := main.c
# makefile (from `Makefile', line 20)
INCS := includes/push_swap.h
# environment
VSCODE_IPC_HOOK_EXTHOST = /var/folders/gx/p11s2qfs47df7gst1v8ly47r0000gn/T/vscode-ipc-baa4c045-4426-4a2a-b1f6-33ddef1715db.sock
# environment
VSCODE_CWD = /
# environment
PATH = /opt/homebrew/bin:/opt/homebrew/sbin:/usr/local/bin:/usr/bin:/bin:/usr/sbin:/sbin
# makefile (from `Makefile', line 9)
DIR_OBJS := .objs
# environment
VSCODE_LOG_STACK = false
# environment
ELECTRON_RUN_AS_NODE = 1
# default
.FEATURES := target-specific order-only second-expansion else-if archives jobserver check-symlink
# environment
SSH_AUTH_SOCK = /private/tmp/com.apple.launchd.2rhJvoSyiu/Listeners
# automatic
%F = $(notdir $%)
# environment
VSCODE_PIPE_LOGGING = true
# makefile (from `Makefile', line 19)
OBJS := .objs/main.o
# environment
PWD = /Users/tulipe/Documents/42work/push_swap
# environment
HOMEBREW_CELLAR = /opt/homebrew/Cellar
# environment
ORIGINAL_XDG_CURRENT_DESKTOP = undefined
# environment
MANPATH = /opt/homebrew/share/man::
# environment
VSCODE_AMD_ENTRYPOINT = vs/workbench/api/node/extensionHostProcess
# environment
HOME = /Users/tulipe
# default
MAKEFILEPATH = $(shell /usr/bin/xcode-select -print-path 2>/dev/null || echo /Developer)/Makefiles
# environment
VSCODE_CODE_CACHE_PATH = /Users/tulipe/Library/Application Support/Code/CachedData/da15b6fd3ef856477bf6f4fb29ba1b7af717770d
# environment
LOGNAME = tulipe
# environment
APPLICATION_INSIGHTS_NO_DIAGNOSTIC_CHANNEL = 1
# environment
VSCODE_HANDLES_UNCAUGHT_ERRORS = true
# automatic
^D = $(patsubst %/,%,$(dir $^))
# environment
XPC_FLAGS = 0x0
# default
MAKE = $(MAKE_COMMAND)
# default
MAKECMDGOALS := all
# makefile (from `Makefile', line 18)
SRCS := sources/main.c
# environment
SHLVL = 1
# makefile (from `Makefile', line 5)
CC := gcc
# makefile (from `Makefile', line 8)
DIR_SRCS := sources
# makefile (from `Makefile', line 16)
LST_INCS := push_swap.h
# default
MAKE_VERSION := 3.81
# environment
USER = tulipe
# makefile
.DEFAULT_GOAL := all
# makefile (from `Makefile', line 1)
NAME := push_swap
# automatic
%D = $(patsubst %/,%,$(dir $%))
# default
MAKE_COMMAND := /Library/Developer/CommandLineTools/usr/bin/make
# default
.VARIABLES := 
# environment
TMPDIR = /var/folders/gx/p11s2qfs47df7gst1v8ly47r0000gn/T/
# automatic
*F = $(notdir $*)
# environment
VSCODE_IPC_HOOK = /Users/tulipe/Library/Application Support/Code/1.67.1-main.sock
# makefile
MAKEFLAGS = Rrqp
# environment
MFLAGS = -Rrqp
# automatic
*D = $(patsubst %/,%,$(dir $*))
# environment
XPC_SERVICE_NAME = application.com.microsoft.VSCode.2783018.2783024
# environment
HOMEBREW_PREFIX = /opt/homebrew
# automatic
+D = $(patsubst %/,%,$(dir $+))
# automatic
+F = $(notdir $+)
# makefile (from `Makefile', line 3)
CSAN := -fsanitize=address -g3
# environment
HOMEBREW_REPOSITORY = /opt/homebrew
# environment
__CF_USER_TEXT_ENCODING = 0x1F5:0x0:0x0
# environment
COMMAND_MODE = unix2003
# default
MAKEFILES := 
# automatic
<F = $(notdir $<)
# makefile (from `Makefile', line 22)
AR_LIBFT := libft/libft.a
# environment
LC_ALL = C
# makefile (from `Makefile', line 15)
LST_OBJS := main.o
# makefile (from `Makefile', line 12)
DIR_LIBFT := libft
# automatic
^F = $(notdir $^)
# default
SUFFIXES := 
# environment
MAKELEVEL := 0
# environment
LANG = C
# environment
VSCODE_PID = 37566
# makefile (from `Makefile', line 10)
DIR_INCS := includes
# variable set hash-table stats:
# Load=81/1024=8%, Rehash=0, Collisions=5/128=4%

# Pattern-specific Variable Values

# No pattern-specific variable values.

# Directories

# . (device 16777233, inode 3029555): 7 files, no impossibilities.

# 7 files, no impossibilities in 1 directories.

# Implicit Rules

.objs/%.o: sources/%.c includes/push_swap.h Makefile | .objs
#  commands to execute (from `Makefile', line 30):
	$(CC) $(CFLAGS) -I $(DIR_INCS) -c $< -o $@
	

# 1 implicit rules, 0 (0.0%) terminal.

# Files

# Not a target:
.objs/main.o:
#  Implicit rule search has not been done.
#  Modification time never checked.
#  File has not been updated.

all: make_libft push_swap
#  Phony target (prerequisite of .PHONY).
#  Command-line target.
#  Implicit rule search has not been done.
#  File does not exist.
#  File has not been updated.
# variable set hash-table stats:
# Load=0/32=0%, Rehash=0, Collisions=0/5=0%

.PHONY: all makelibft clean fclean re
#  Implicit rule search has not been done.
#  Modification time never checked.
#  File has not been updated.

makelibft:
#  Phony target (prerequisite of .PHONY).
#  Implicit rule search has not been done.
#  File does not exist.
#  File has not been updated.

# Not a target:
.SUFFIXES:
#  Implicit rule search has not been done.
#  Modification time never checked.
#  File has not been updated.

# Not a target:
Makefile:
#  Implicit rule search has been done.
#  Last modified 2022-05-23 23:57:24
#  File has been updated.
#  Successfully updated.
# variable set hash-table stats:
# Load=0/32=0%, Rehash=0, Collisions=0/0=0%

.objs:
#  Implicit rule search has not been done.
#  Modification time never checked.
#  File has not been updated.
#  commands to execute (from `Makefile', line 38):
	mkdir -p $(DIR_OBJS)
	

libft/libft.a: make_libft
#  Implicit rule search has not been done.
#  Modification time never checked.
#  File has not been updated.

fclean:
#  Phony target (prerequisite of .PHONY).
#  Implicit rule search has not been done.
#  File does not exist.
#  File has not been updated.
#  commands to execute (from `Makefile', line 45):
	clean
	rm -rf $(NAME)
	$(MAKE) fclean -C $(DIR_LIBFT)
	

# Not a target:
.DEFAULT:
#  Implicit rule search has not been done.
#  Modification time never checked.
#  File has not been updated.

re:
 
#  Phony target (prerequisite of .PHONY).
#  Implicit rule search has not been done.
#  File does not exist.
#  File has not been updated.
#  commands to execute (from `Makefile', line 50):
	fclean
	all
	

clean:
#  Phony target (prerequisite of .PHONY).
#  Implicit rule search has not been done.
#  File does not exist.
#  File has not been updated.
#  commands to execute (from `Makefile', line 41):
	rm -rf $(OBJS)
	$(MAKE) clean -C $(DIR_LIBFT)
	

push_swap: libft/libft.a .objs/main.o
#  Implicit rule search has not been done.
#  Modification time never checked.
#  File has not been updated.
#  commands to execute (from `Makefile', line 27):
	$(CC) $(CFLAGS) $^ -o $@
	

make_libft:
#  Implicit rule search has not been done.
#  Implicit/static pattern stem: `'
#  Modification time never checked.
#  File has been updated.
#  Failed to be updated.
# automatic
# @ := make_libft
# automatic
# % := 
# automatic
# * := 
# automatic
# + := 
# automatic
# | := 
# automatic
# < := 
# automatic
# ^ := 
# automatic
# ? := 
# variable set hash-table stats:
# Load=8/32=25%, Rehash=0, Collisions=3/13=23%
#  commands to execute (from `Makefile', line 33):
	$(MAKE) -C $(DIR_LIBFT)
	

# files hash-table stats:
# Load=14/1024=1%, Rehash=0, Collisions=2/39=5%
# VPATH Search Paths

# No `vpath' search paths.

# No general (`VPATH' variable) search path.

# # of strings in strcache: 1
# # of strcache buffers: 1
# strcache size: total = 4096 / max = 4096 / min = 4096 / avg = 4096
# strcache free: total = 4087 / max = 4087 / min = 4087 / avg = 4087

# Finished Make data base on Mon May 23 23:58:27 2022

 
